<?xml version="1.0" encoding="UTF-8"?>
<testsuite xmlns:xsi="http://www.w3.org/2001/XMLSchema-instance" xsi:noNamespaceSchemaLocation="https://maven.apache.org/surefire/maven-surefire-plugin/xsd/surefire-test-report-3.0.xsd" version="3.0" name="TestCalculadora" time="0.287" tests="25" errors="0" skipped="0" failures="0">
  <properties>
    <property name="java.specification.version" value="15"/>
    <property name="sun.cpu.isalist" value="amd64"/>
    <property name="sun.jnu.encoding" value="Cp1252"/>
    <property name="java.class.path" value="C:\Iterasys\calculadora142\target\test-classes;C:\Iterasys\calculadora142\target\classes;C:\Users\David Medeiros\.m2\repository\org\junit\jupiter\junit-jupiter-api\5.11.4\junit-jupiter-api-5.11.4.jar;C:\Users\David Medeiros\.m2\repository\org\opentest4j\opentest4j\1.3.0\opentest4j-1.3.0.jar;C:\Users\David Medeiros\.m2\repository\org\junit\platform\junit-platform-commons\1.11.4\junit-platform-commons-1.11.4.jar;C:\Users\David Medeiros\.m2\repository\org\apiguardian\apiguardian-api\1.1.2\apiguardian-api-1.1.2.jar;C:\Users\David Medeiros\.m2\repository\org\hamcrest\hamcrest\3.0\hamcrest-3.0.jar;C:\Users\David Medeiros\.m2\repository\org\junit\jupiter\junit-jupiter-params\5.11.4\junit-jupiter-params-5.11.4.jar;"/>
    <property name="java.vm.vendor" value="Oracle Corporation"/>
    <property name="sun.arch.data.model" value="64"/>
    <property name="user.variant" value=""/>
    <property name="java.vendor.url" value="https://java.oracle.com/"/>
    <property name="user.timezone" value="America/Sao_Paulo"/>
    <property name="os.name" value="Windows 10"/>
    <property name="java.vm.specification.version" value="15"/>
    <property name="sun.java.launcher" value="SUN_STANDARD"/>
    <property name="user.country" value="BR"/>
    <property name="sun.boot.library.path" value="C:\Program Files\Java\jdk-15.0.2\bin"/>
    <property name="sun.java.command" value="C:\Users\David Medeiros\AppData\Local\Temp\surefire2091869980409309815\surefirebooter-20250206173238918_3.jar C:\Users\David Medeiros\AppData\Local\Temp\surefire2091869980409309815 2025-02-06T17-32-38_702-jvmRun1 surefire-20250206173238918_1tmp surefire_0-20250206173238918_2tmp"/>
    <property name="jdk.debug" value="release"/>
    <property name="surefire.test.class.path" value="C:\Iterasys\calculadora142\target\test-classes;C:\Iterasys\calculadora142\target\classes;C:\Users\David Medeiros\.m2\repository\org\junit\jupiter\junit-jupiter-api\5.11.4\junit-jupiter-api-5.11.4.jar;C:\Users\David Medeiros\.m2\repository\org\opentest4j\opentest4j\1.3.0\opentest4j-1.3.0.jar;C:\Users\David Medeiros\.m2\repository\org\junit\platform\junit-platform-commons\1.11.4\junit-platform-commons-1.11.4.jar;C:\Users\David Medeiros\.m2\repository\org\apiguardian\apiguardian-api\1.1.2\apiguardian-api-1.1.2.jar;C:\Users\David Medeiros\.m2\repository\org\hamcrest\hamcrest\3.0\hamcrest-3.0.jar;C:\Users\David Medeiros\.m2\repository\org\junit\jupiter\junit-jupiter-params\5.11.4\junit-jupiter-params-5.11.4.jar;"/>
    <property name="sun.cpu.endian" value="little"/>
    <property name="user.home" value="C:\Users\David Medeiros"/>
    <property name="user.language" value="pt"/>
    <property name="java.specification.vendor" value="Oracle Corporation"/>
    <property name="java.version.date" value="2021-01-19"/>
    <property name="java.home" value="C:\Program Files\Java\jdk-15.0.2"/>
    <property name="file.separator" value="\"/>
    <property name="basedir" value="C:\Iterasys\calculadora142"/>
    <property name="java.vm.compressedOopsMode" value="Zero based"/>
    <property name="line.separator" value="&#10;"/>
    <property name="java.vm.specification.vendor" value="Oracle Corporation"/>
    <property name="java.specification.name" value="Java Platform API Specification"/>
    <property name="surefire.real.class.path" value="C:\Users\David Medeiros\AppData\Local\Temp\surefire2091869980409309815\surefirebooter-20250206173238918_3.jar"/>
    <property name="user.script" value=""/>
    <property name="sun.management.compiler" value="HotSpot 64-Bit Tiered Compilers"/>
    <property name="java.runtime.version" value="15.0.2+7-27"/>
    <property name="user.name" value="David Medeiros"/>
    <property name="path.separator" value=";"/>
    <property name="os.version" value="10.0"/>
    <property name="java.runtime.name" value="Java(TM) SE Runtime Environment"/>
    <property name="file.encoding" value="Cp1252"/>
    <property name="java.vm.name" value="Java HotSpot(TM) 64-Bit Server VM"/>
    <property name="localRepository" value="C:\Users\David Medeiros\.m2\repository"/>
    <property name="java.vendor.url.bug" value="https://bugreport.java.com/bugreport/"/>
    <property name="java.io.tmpdir" value="C:\Users\DAVIDM~1\AppData\Local\Temp\"/>
    <property name="java.version" value="15.0.2"/>
    <property name="user.dir" value="C:\Iterasys\calculadora142"/>
    <property name="os.arch" value="amd64"/>
    <property name="java.vm.specification.name" value="Java Virtual Machine Specification"/>
    <property name="sun.os.patch.level" value=""/>
    <property name="java.library.path" value="C:\Program Files\Java\jdk-15.0.2\bin;C:\Windows\Sun\Java\bin;C:\Windows\system32;C:\Windows;C:\Users\David Medeiros\bin;C:\Program Files\Git\mingw64\bin;C:\Program Files\Git\usr\local\bin;C:\Program Files\Git\usr\bin;C:\Program Files\Git\usr\bin;C:\Program Files\Git\mingw64\bin;C:\Program Files\Git\usr\bin;C:\Users\David Medeiros\bin;C:\Program Files\Common Files\Oracle\Java\javapath;C:\Program Files\OpenLogic\jdk-8.0.432.06-hotspot\bin;C:\Program Files (x86)\Intel\iCLS Client;C:\Program Files\Intel\iCLS Client;C:\Windows\system32;C:\Windows;C:\Windows\System32\Wbem;C:\Windows\System32\WindowsPowerShell\v1.0;C:\Windows\System32\OpenSSH;C:\Program Files (x86)\Intel\Intel(R) Management Engine Components\DAL;C:\Program Files\Intel\Intel(R) Management Engine Components\DAL;C:\Program Files (x86)\Intel\Intel(R) Management Engine Components\IPT;C:\Program Files\Intel\Intel(R) Management Engine Components\IPT;C:\Program Files\Intel\WiFi\bin;C:\Program Files\Common Files\Intel\WirelessCommon;C:\Program Files (x86)\NVIDIA Corporation\PhysX\Common;C:\Program Files\NVIDIA Corporation\NVIDIA app\NvDLISR;C:\Program Files\Git\cmd;C:\Program Files\Java\jdk-15.0.2\bin;C:\apache-maven-3.9.9\bin;C:\Users\David Medeiros\AppData\Local\Microsoft\WindowsApps;C:\Program Files\Intel\WiFi\bin;C:\Program Files\Common Files\Intel\WirelessCommon;%IntelliJ IDEA Community Edition%;C:\Users\David Medeiros\AppData\Local\Programs\Microsoft VS Code\bin;C:\Program Files\Git\usr\bin\vendor_perl;C:\Program Files\Git\usr\bin\core_perl;."/>
    <property name="java.vm.info" value="mixed mode, sharing"/>
    <property name="java.vendor" value="Oracle Corporation"/>
    <property name="java.vm.version" value="15.0.2+7-27"/>
    <property name="sun.io.unicode.encoding" value="UnicodeLittle"/>
    <property name="java.class.version" value="59.0"/>
  </properties>
  <testcase name="dividirTry" classname="TestCalculadora" time="0.045"/>
  <testcase name="testSomarCSV(float, float, float)[1]" classname="TestCalculadora" time="0.04">
    <system-out><![CDATA[Soma de 35.0 + 17.0 = 52.0
]]></system-out>
  </testcase>
  <testcase name="testSomarCSV(float, float, float)[2]" classname="TestCalculadora" time="0.0">
    <system-out><![CDATA[Soma de 0.0 + 33.0 = 33.0
]]></system-out>
  </testcase>
  <testcase name="testSomarCSV(float, float, float)[3]" classname="TestCalculadora" time="0.003">
    <system-out><![CDATA[Soma de -8.0 + 44.0 = 36.0
]]></system-out>
  </testcase>
  <testcase name="testSomarCSV(float, float, float)[4]" classname="TestCalculadora" time="0.003">
    <system-out><![CDATA[Soma de -17.0 + -22.0 = -39.0
]]></system-out>
  </testcase>
  <testcase name="testSomarCSV(float, float, float)[5]" classname="TestCalculadora" time="0.002">
    <system-out><![CDATA[Soma de 0.75 + 2.55 = 3.3
]]></system-out>
  </testcase>
  <testcase name="testSomarDDT(float, float, float)[1]" classname="TestCalculadora" time="0.0">
    <system-out><![CDATA[Soma de 15.0 + 25.0 = 40.0
]]></system-out>
  </testcase>
  <testcase name="testSomarDDT(float, float, float)[2]" classname="TestCalculadora" time="0.004">
    <system-out><![CDATA[Soma de 0.0 + 12.0 = 12.0
]]></system-out>
  </testcase>
  <testcase name="testSomarDDT(float, float, float)[3]" classname="TestCalculadora" time="0.003">
    <system-out><![CDATA[Soma de -5.0 + 9.0 = 4.0
]]></system-out>
  </testcase>
  <testcase name="testSomarDDT(float, float, float)[4]" classname="TestCalculadora" time="0.002">
    <system-out><![CDATA[Soma de -7.0 + -8.0 = -15.0
]]></system-out>
  </testcase>
  <testcase name="testSomarDDT(float, float, float)[5]" classname="TestCalculadora" time="0.0">
    <system-out><![CDATA[Soma de 0.5 + 3.7 = 4.2
]]></system-out>
  </testcase>
  <testcase name="testSubtrair" classname="TestCalculadora" time="0.005">
    <system-out><![CDATA[Subtração de 10.0 - 5.0 = 5.0
]]></system-out>
  </testcase>
  <testcase name="testSomar" classname="TestCalculadora" time="0.0">
    <system-out><![CDATA[Soma de 10.0 + 5.0 = 15.0
]]></system-out>
  </testcase>
  <testcase name="testMultiplicarCSV(float, float, float)[1]" classname="TestCalculadora" time="0.001"/>
  <testcase name="testMultiplicarCSV(float, float, float)[2]" classname="TestCalculadora" time="0.003"/>
  <testcase name="testMultiplicarCSV(float, float, float)[3]" classname="TestCalculadora" time="0.0"/>
  <testcase name="testMultiplicarCSV(float, float, float)[4]" classname="TestCalculadora" time="0.0"/>
  <testcase name="testMultiplicarCSV(float, float, float)[5]" classname="TestCalculadora" time="0.0"/>
  <testcase name="testMultiplicarCSV(float, float, float)[6]" classname="TestCalculadora" time="0.001"/>
  <testcase name="testMultiplicarCSV(float, float, float)[7]" classname="TestCalculadora" time="0.003"/>
  <testcase name="testMultiplicarCSV(float, float, float)[8]" classname="TestCalculadora" time="0.0"/>
  <testcase name="testMultiplicarCSV(float, float, float)[9]" classname="TestCalculadora" time="0.0"/>
  <testcase name="testMultiplicarCSV(float, float, float)[10]" classname="TestCalculadora" time="0.0"/>
  <testcase name="testMultiplicar" classname="TestCalculadora" time="0.0"/>
  <testcase name="dividirTryPorZero" classname="TestCalculadora" time="0.0"/>
</testsuite>